# JRE version: OpenJDK Runtime Environment (8.0_152) (build 1.8.0_152-release-1343-b16-5323222)
# Java VM: OpenJDK 64-Bit Server VM (25.152-b16-5323222 mixed mode linux-amd64 compressed oops)
Heap:
 PSYoungGen      total 144384K, used 17399K [0x00000000d7100000, 0x00000000e2500000, 0x0000000100000000)
  eden space 126976K, 0% used [0x00000000d7100000,0x00000000d7100000,0x00000000ded00000)
  from space 17408K, 99% used [0x00000000e1400000,0x00000000e24fddf0,0x00000000e2500000)
  to   space 5120K, 0% used [0x00000000ded00000,0x00000000ded00000,0x00000000df200000)
 ParOldGen       total 104448K, used 35120K [0x0000000085200000, 0x000000008b800000, 0x00000000d7100000)
  object space 104448K, 33% used [0x0000000085200000,0x000000008744c0b0,0x000000008b800000)
 Metaspace       used 43335K, capacity 44035K, committed 44376K, reserved 1087488K
  class space    used 5527K, capacity 5712K, committed 5720K, reserved 1048576K
GC Heap History (10 events):
Event: 1,375 GC heap after
Heap after GC invocations=3 (full 0):
 PSYoungGen      total 68608K, used 5118K [0x00000000d7100000, 0x00000000df700000, 0x0000000100000000)
  eden space 63488K, 0% used [0x00000000d7100000,0x00000000d7100000,0x00000000daf00000)
  from space 5120K, 99% used [0x00000000daf00000,0x00000000db3ffaf0,0x00000000db400000)
  to   space 5120K, 0% used [0x00000000df200000,0x00000000df200000,0x00000000df700000)
 ParOldGen       total 84992K, used 10641K [0x0000000085200000, 0x000000008a500000, 0x00000000d7100000)
  object space 84992K, 12% used [0x0000000085200000,0x0000000085c64600,0x000000008a500000)
 Metaspace       used 20733K, capacity 21066K, committed 21248K, reserved 1067008K
  class space    used 2707K, capacity 2815K, committed 2816K, reserved 1048576K
}
Event: 1,375 GC heap before
{Heap before GC invocations=4 (full 1):
 PSYoungGen      total 68608K, used 5118K [0x00000000d7100000, 0x00000000df700000, 0x0000000100000000)
  eden space 63488K, 0% used [0x00000000d7100000,0x00000000d7100000,0x00000000daf00000)
  from space 5120K, 99% used [0x00000000daf00000,0x00000000db3ffaf0,0x00000000db400000)
  to   space 5120K, 0% used [0x00000000df200000,0x00000000df200000,0x00000000df700000)
 ParOldGen       total 84992K, used 10641K [0x0000000085200000, 0x000000008a500000, 0x00000000d7100000)
  object space 84992K, 12% used [0x0000000085200000,0x0000000085c64600,0x000000008a500000)
 Metaspace       used 20733K, capacity 21066K, committed 21248K, reserved 1067008K
  class space    used 2707K, capacity 2815K, committed 2816K, reserved 1048576K
Event: 1,399 GC heap after
Heap after GC invocations=4 (full 1):
 PSYoungGen      total 68608K, used 0K [0x00000000d7100000, 0x00000000df700000, 0x0000000100000000)
  eden space 63488K, 0% used [0x00000000d7100000,0x00000000d7100000,0x00000000daf00000)
  from space 5120K, 0% used [0x00000000daf00000,0x00000000daf00000,0x00000000db400000)
  to   space 5120K, 0% used [0x00000000df200000,0x00000000df200000,0x00000000df700000)
 ParOldGen       total 60416K, used 7982K [0x0000000085200000, 0x0000000088d00000, 0x00000000d7100000)
  object space 60416K, 13% used [0x0000000085200000,0x00000000859cb870,0x0000000088d00000)
 Metaspace       used 20733K, capacity 21066K, committed 21248K, reserved 1067008K
  class space    used 2707K, capacity 2815K, committed 2816K, reserved 1048576K
}
Event: 2,530 GC heap before
{Heap before GC invocations=5 (full 1):
 PSYoungGen      total 68608K, used 63488K [0x00000000d7100000, 0x00000000df700000, 0x0000000100000000)
  eden space 63488K, 100% used [0x00000000d7100000,0x00000000daf00000,0x00000000daf00000)
  from space 5120K, 0% used [0x00000000daf00000,0x00000000daf00000,0x00000000db400000)
  to   space 5120K, 0% used [0x00000000df200000,0x00000000df200000,0x00000000df700000)
 ParOldGen       total 60416K, used 7982K [0x0000000085200000, 0x0000000088d00000, 0x00000000d7100000)
  object space 60416K, 13% used [0x0000000085200000,0x00000000859cb870,0x0000000088d00000)
 Metaspace       used 28559K, capacity 29076K, committed 29440K, reserved 1075200K
  class space    used 3688K, capacity 3832K, committed 3840K, reserved 1048576K
Event: 2,555 GC heap after
Heap after GC invocations=5 (full 1):
 PSYoungGen      total 102912K, used 5118K [0x00000000d7100000, 0x00000000df700000, 0x0000000100000000)
  eden space 97792K, 0% used [0x00000000d7100000,0x00000000d7100000,0x00000000dd080000)
  from space 5120K, 99% used [0x00000000df200000,0x00000000df6ffb18,0x00000000df700000)
  to   space 5120K, 0% used [0x00000000ded00000,0x00000000ded00000,0x00000000df200000)
 ParOldGen       total 60416K, used 18079K [0x0000000085200000, 0x0000000088d00000, 0x00000000d7100000)
  object space 60416K, 29% used [0x0000000085200000,0x00000000863a7fe0,0x0000000088d00000)
 Metaspace       used 28559K, capacity 29076K, committed 29440K, reserved 1075200K
  class space    used 3688K, capacity 3832K, committed 3840K, reserved 1048576K
}
Event: 3,803 GC heap before
{Heap before GC invocations=6 (full 1):
 PSYoungGen      total 102912K, used 41301K [0x00000000d7100000, 0x00000000df700000, 0x0000000100000000)
  eden space 97792K, 36% used [0x00000000d7100000,0x00000000d9455ae0,0x00000000dd080000)
  from space 5120K, 99% used [0x00000000df200000,0x00000000df6ffb18,0x00000000df700000)
  to   space 5120K, 0% used [0x00000000ded00000,0x00000000ded00000,0x00000000df200000)
 ParOldGen       total 60416K, used 18079K [0x0000000085200000, 0x0000000088d00000, 0x00000000d7100000)
  object space 60416K, 29% used [0x0000000085200000,0x00000000863a7fe0,0x0000000088d00000)
 Metaspace       used 34584K, capacity 35087K, committed 35416K, reserved 1079296K
  class space    used 4455K, capacity 4624K, committed 4696K, reserved 1048576K
Event: 3,825 GC heap after
Heap after GC invocations=6 (full 1):
 PSYoungGen      total 132096K, used 5118K [0x00000000d7100000, 0x00000000e2500000, 0x0000000100000000)
  eden space 126976K, 0% used [0x00000000d7100000,0x00000000d7100000,0x00000000ded00000)
  from space 5120K, 99% used [0x00000000ded00000,0x00000000df1ffb18,0x00000000df200000)
  to   space 17408K, 0% used [0x00000000e1400000,0x00000000e1400000,0x00000000e2500000)
 ParOldGen       total 60416K, used 27237K [0x0000000085200000, 0x0000000088d00000, 0x00000000d7100000)
  object space 60416K, 45% used [0x0000000085200000,0x0000000086c99470,0x0000000088d00000)
 Metaspace       used 34584K, capacity 35087K, committed 35416K, reserved 1079296K
  class space    used 4455K, capacity 4624K, committed 4696K, reserved 1048576K
}
Event: 3,825 GC heap before
{Heap before GC invocations=7 (full 2):
 PSYoungGen      total 132096K, used 5118K [0x00000000d7100000, 0x00000000e2500000, 0x0000000100000000)
  eden space 126976K, 0% used [0x00000000d7100000,0x00000000d7100000,0x00000000ded00000)
  from space 5120K, 99% used [0x00000000ded00000,0x00000000df1ffb18,0x00000000df200000)
  to   space 17408K, 0% used [0x00000000e1400000,0x00000000e1400000,0x00000000e2500000)
 ParOldGen       total 60416K, used 27237K [0x0000000085200000, 0x0000000088d00000, 0x00000000d7100000)
  object space 60416K, 45% used [0x0000000085200000,0x0000000086c99470,0x0000000088d00000)
 Metaspace       used 34584K, capacity 35087K, committed 35416K, reserved 1079296K
  class space    used 4455K, capacity 4624K, committed 4696K, reserved 1048576K
Event: 3,885 GC heap after
Heap after GC invocations=7 (full 2):
 PSYoungGen      total 132096K, used 0K [0x00000000d7100000, 0x00000000e2500000, 0x0000000100000000)
  eden space 126976K, 0% used [0x00000000d7100000,0x00000000d7100000,0x00000000ded00000)
  from space 5120K, 0% used [0x00000000ded00000,0x00000000ded00000,0x00000000df200000)
  to   space 17408K, 0% used [0x00000000e1400000,0x00000000e1400000,0x00000000e2500000)
 ParOldGen       total 104448K, used 21273K [0x0000000085200000, 0x000000008b800000, 0x00000000d7100000)
  object space 104448K, 20% used [0x0000000085200000,0x00000000866c6740,0x000000008b800000)
 Metaspace       used 34584K, capacity 35087K, committed 35416K, reserved 1079296K
  class space    used 4455K, capacity 4624K, committed 4696K, reserved 1048576K
}
Event: 5,751 GC heap before
{Heap before GC invocations=8 (full 2):
 PSYoungGen      total 132096K, used 126976K [0x00000000d7100000, 0x00000000e2500000, 0x0000000100000000)
  eden space 126976K, 100% used [0x00000000d7100000,0x00000000ded00000,0x00000000ded00000)
  from space 5120K, 0% used [0x00000000ded00000,0x00000000ded00000,0x00000000df200000)
  to   space 17408K, 0% used [0x00000000e1400000,0x00000000e1400000,0x00000000e2500000)
 ParOldGen       total 104448K, used 21273K [0x0000000085200000, 0x000000008b800000, 0x00000000d7100000)
  object space 104448K, 20% used [0x0000000085200000,0x00000000866c6740,0x000000008b800000)
 Metaspace       used 43335K, capacity 44035K, committed 44376K, reserved 1087488K
  class space    used 5527K, capacity 5712K, committed 5720K, reserved 1048576K

