# JRE version: OpenJDK Runtime Environment (8.0_152) (build 1.8.0_152-release-1343-b16-5323222)
# Java VM: OpenJDK 64-Bit Server VM (25.152-b16-5323222 mixed mode linux-amd64 compressed oops)
Heap:
 PSYoungGen      total 126976K, used 17398K [0x00000000e0000000, 0x00000000e9780000, 0x0000000100000000)
  eden space 109568K, 0% used [0x00000000e0000000,0x00000000e0000000,0x00000000e6b00000)
  from space 17408K, 99% used [0x00000000e6b00000,0x00000000e7bfd840,0x00000000e7c00000)
  to   space 5120K, 0% used [0x00000000e7c00000,0x00000000e7c00000,0x00000000e8100000)
 ParOldGen       total 72192K, used 23784K [0x00000000a0000000, 0x00000000a4680000, 0x00000000e0000000)
  object space 72192K, 32% used [0x00000000a0000000,0x00000000a173a1f8,0x00000000a4680000)
 Metaspace       used 49845K, capacity 50574K, committed 51032K, reserved 1093632K
  class space    used 6515K, capacity 6727K, committed 6784K, reserved 1048576K
GC Heap History (10 events):
Event: 1,357 GC heap after
Heap after GC invocations=5 (full 1):
 PSYoungGen      total 68608K, used 5093K [0x00000000e0000000, 0x00000000e4800000, 0x0000000100000000)
  eden space 63488K, 0% used [0x00000000e0000000,0x00000000e0000000,0x00000000e3e00000)
  from space 5120K, 99% used [0x00000000e4300000,0x00000000e47f9598,0x00000000e4800000)
  to   space 5120K, 0% used [0x00000000e3e00000,0x00000000e3e00000,0x00000000e4300000)
 ParOldGen       total 84992K, used 10053K [0x00000000a0000000, 0x00000000a5300000, 0x00000000e0000000)
  object space 84992K, 11% used [0x00000000a0000000,0x00000000a09d16b0,0x00000000a5300000)
 Metaspace       used 20820K, capacity 21096K, committed 21248K, reserved 1069056K
  class space    used 2450K, capacity 2538K, committed 2560K, reserved 1048576K
}
Event: 1,357 GC heap before
{Heap before GC invocations=6 (full 2):
 PSYoungGen      total 68608K, used 5093K [0x00000000e0000000, 0x00000000e4800000, 0x0000000100000000)
  eden space 63488K, 0% used [0x00000000e0000000,0x00000000e0000000,0x00000000e3e00000)
  from space 5120K, 99% used [0x00000000e4300000,0x00000000e47f9598,0x00000000e4800000)
  to   space 5120K, 0% used [0x00000000e3e00000,0x00000000e3e00000,0x00000000e4300000)
 ParOldGen       total 84992K, used 10053K [0x00000000a0000000, 0x00000000a5300000, 0x00000000e0000000)
  object space 84992K, 11% used [0x00000000a0000000,0x00000000a09d16b0,0x00000000a5300000)
 Metaspace       used 20820K, capacity 21096K, committed 21248K, reserved 1069056K
  class space    used 2450K, capacity 2538K, committed 2560K, reserved 1048576K
Event: 1,374 GC heap after
Heap after GC invocations=6 (full 2):
 PSYoungGen      total 68608K, used 0K [0x00000000e0000000, 0x00000000e4800000, 0x0000000100000000)
  eden space 63488K, 0% used [0x00000000e0000000,0x00000000e0000000,0x00000000e3e00000)
  from space 5120K, 0% used [0x00000000e4300000,0x00000000e4300000,0x00000000e4800000)
  to   space 5120K, 0% used [0x00000000e3e00000,0x00000000e3e00000,0x00000000e4300000)
 ParOldGen       total 47104K, used 6855K [0x00000000a0000000, 0x00000000a2e00000, 0x00000000e0000000)
  object space 47104K, 14% used [0x00000000a0000000,0x00000000a06b1de0,0x00000000a2e00000)
 Metaspace       used 20820K, capacity 21096K, committed 21248K, reserved 1069056K
  class space    used 2450K, capacity 2538K, committed 2560K, reserved 1048576K
}
Event: 2,674 GC heap before
{Heap before GC invocations=7 (full 2):
 PSYoungGen      total 68608K, used 63488K [0x00000000e0000000, 0x00000000e4800000, 0x0000000100000000)
  eden space 63488K, 100% used [0x00000000e0000000,0x00000000e3e00000,0x00000000e3e00000)
  from space 5120K, 0% used [0x00000000e4300000,0x00000000e4300000,0x00000000e4800000)
  to   space 5120K, 0% used [0x00000000e3e00000,0x00000000e3e00000,0x00000000e4300000)
 ParOldGen       total 47104K, used 6855K [0x00000000a0000000, 0x00000000a2e00000, 0x00000000e0000000)
  object space 47104K, 14% used [0x00000000a0000000,0x00000000a06b1de0,0x00000000a2e00000)
 Metaspace       used 31127K, capacity 31634K, committed 32128K, reserved 1077248K
  class space    used 4213K, capacity 4353K, committed 4480K, reserved 1048576K
Event: 2,687 GC heap after
Heap after GC invocations=7 (full 2):
 PSYoungGen      total 68608K, used 5100K [0x00000000e0000000, 0x00000000e8100000, 0x0000000100000000)
  eden space 63488K, 0% used [0x00000000e0000000,0x00000000e0000000,0x00000000e3e00000)
  from space 5120K, 99% used [0x00000000e3e00000,0x00000000e42fb008,0x00000000e4300000)
  to   space 5120K, 0% used [0x00000000e7c00000,0x00000000e7c00000,0x00000000e8100000)
 ParOldGen       total 47104K, used 16853K [0x00000000a0000000, 0x00000000a2e00000, 0x00000000e0000000)
  object space 47104K, 35% used [0x00000000a0000000,0x00000000a1075410,0x00000000a2e00000)
 Metaspace       used 31127K, capacity 31634K, committed 32128K, reserved 1077248K
  class space    used 4213K, capacity 4353K, committed 4480K, reserved 1048576K
}
Event: 2,973 GC heap before
{Heap before GC invocations=8 (full 2):
 PSYoungGen      total 68608K, used 28549K [0x00000000e0000000, 0x00000000e8100000, 0x0000000100000000)
  eden space 63488K, 36% used [0x00000000e0000000,0x00000000e16e65b0,0x00000000e3e00000)
  from space 5120K, 99% used [0x00000000e3e00000,0x00000000e42fb008,0x00000000e4300000)
  to   space 5120K, 0% used [0x00000000e7c00000,0x00000000e7c00000,0x00000000e8100000)
 ParOldGen       total 47104K, used 16853K [0x00000000a0000000, 0x00000000a2e00000, 0x00000000e0000000)
  object space 47104K, 35% used [0x00000000a0000000,0x00000000a1075410,0x00000000a2e00000)
 Metaspace       used 34615K, capacity 35122K, committed 35416K, reserved 1079296K
  class space    used 4544K, capacity 4679K, committed 4736K, reserved 1048576K
Event: 2,982 GC heap after
Heap after GC invocations=8 (full 2):
 PSYoungGen      total 114688K, used 5091K [0x00000000e0000000, 0x00000000e9780000, 0x0000000100000000)
  eden space 109568K, 0% used [0x00000000e0000000,0x00000000e0000000,0x00000000e6b00000)
  from space 5120K, 99% used [0x00000000e7c00000,0x00000000e80f8e20,0x00000000e8100000)
  to   space 17408K, 0% used [0x00000000e6b00000,0x00000000e6b00000,0x00000000e7c00000)
 ParOldGen       total 47104K, used 23558K [0x00000000a0000000, 0x00000000a2e00000, 0x00000000e0000000)
  object space 47104K, 50% used [0x00000000a0000000,0x00000000a1701b70,0x00000000a2e00000)
 Metaspace       used 34615K, capacity 35122K, committed 35416K, reserved 1079296K
  class space    used 4544K, capacity 4679K, committed 4736K, reserved 1048576K
}
Event: 2,982 GC heap before
{Heap before GC invocations=9 (full 3):
 PSYoungGen      total 114688K, used 5091K [0x00000000e0000000, 0x00000000e9780000, 0x0000000100000000)
  eden space 109568K, 0% used [0x00000000e0000000,0x00000000e0000000,0x00000000e6b00000)
  from space 5120K, 99% used [0x00000000e7c00000,0x00000000e80f8e20,0x00000000e8100000)
  to   space 17408K, 0% used [0x00000000e6b00000,0x00000000e6b00000,0x00000000e7c00000)
 ParOldGen       total 47104K, used 23558K [0x00000000a0000000, 0x00000000a2e00000, 0x00000000e0000000)
  object space 47104K, 50% used [0x00000000a0000000,0x00000000a1701b70,0x00000000a2e00000)
 Metaspace       used 34615K, capacity 35122K, committed 35416K, reserved 1079296K
  class space    used 4544K, capacity 4679K, committed 4736K, reserved 1048576K
Event: 3,068 GC heap after
Heap after GC invocations=9 (full 3):
 PSYoungGen      total 114688K, used 0K [0x00000000e0000000, 0x00000000e9780000, 0x0000000100000000)
  eden space 109568K, 0% used [0x00000000e0000000,0x00000000e0000000,0x00000000e6b00000)
  from space 5120K, 0% used [0x00000000e7c00000,0x00000000e7c00000,0x00000000e8100000)
  to   space 17408K, 0% used [0x00000000e6b00000,0x00000000e6b00000,0x00000000e7c00000)
 ParOldGen       total 72192K, used 19045K [0x00000000a0000000, 0x00000000a4680000, 0x00000000e0000000)
  object space 72192K, 26% used [0x00000000a0000000,0x00000000a1299568,0x00000000a4680000)
 Metaspace       used 34615K, capacity 35122K, committed 35416K, reserved 1079296K
  class space    used 4544K, capacity 4679K, committed 4736K, reserved 1048576K
}
Event: 4,547 GC heap before
{Heap before GC invocations=10 (full 3):
 PSYoungGen      total 114688K, used 109568K [0x00000000e0000000, 0x00000000e9780000, 0x0000000100000000)
  eden space 109568K, 100% used [0x00000000e0000000,0x00000000e6b00000,0x00000000e6b00000)
  from space 5120K, 0% used [0x00000000e7c00000,0x00000000e7c00000,0x00000000e8100000)
  to   space 17408K, 0% used [0x00000000e6b00000,0x00000000e6b00000,0x00000000e7c00000)
 ParOldGen       total 72192K, used 19045K [0x00000000a0000000, 0x00000000a4680000, 0x00000000e0000000)
  object space 72192K, 26% used [0x00000000a0000000,0x00000000a1299568,0x00000000a4680000)
 Metaspace       used 49845K, capacity 50574K, committed 51032K, reserved 1093632K
  class space    used 6515K, capacity 6727K, committed 6784K, reserved 1048576K

